Using pre-set license
Built from '2020.3/staging' branch; Version is '2020.3.25f1 (9b9180224418) revision 10195328'; Using compiler version '192528614'; Build Type 'Release'
OS: 'Windows 10  (10.0.19042) 64bit Education' Language: 'ko' Physical Memory: 8126 MB
BatchMode: 1, IsHumanControllingUs: 0, StartBugReporterOnCrash: 0, Is64bit: 1, IsPro: 0

COMMAND LINE ARGUMENTS:
C:\Program Files\Unity\Hub\Editor\2020.3.25f1\Editor\Unity.exe
-adb2
-batchMode
-noUpm
-name
AssetImportWorker0
-projectPath
C:/Programming/BluePeach/ping-pong
-logFile
Logs/AssetImportWorker0.log
-srvPort
5495
Successfully changed project path to: C:/Programming/BluePeach/ping-pong
C:/Programming/BluePeach/ping-pong
Using Asset Import Pipeline V2.
Refreshing native plugins compatible for Editor in 35.09 ms, found 2 plugins.
Preloading 0 native plugins for Editor in 0.00 ms.
Initialize engine version: 2020.3.25f1 (9b9180224418)
[Subsystems] Discovering subsystems at path C:/Program Files/Unity/Hub/Editor/2020.3.25f1/Editor/Data/Resources/UnitySubsystems
[Subsystems] Discovering subsystems at path C:/Programming/BluePeach/ping-pong/Assets
GfxDevice: creating device client; threaded=0
Direct3D:
    Version:  Direct3D 11.0 [level 11.1]
    Renderer: NVIDIA GeForce GTX 1060 3GB (ID=0x1c02)
    Vendor:   
    VRAM:     2988 MB
    Driver:   27.21.14.5671
Initialize mono
Mono path[0] = 'C:/Program Files/Unity/Hub/Editor/2020.3.25f1/Editor/Data/Managed'
Mono path[1] = 'C:/Program Files/Unity/Hub/Editor/2020.3.25f1/Editor/Data/MonoBleedingEdge/lib/mono/unityjit'
Mono config path = 'C:/Program Files/Unity/Hub/Editor/2020.3.25f1/Editor/Data/MonoBleedingEdge/etc'
Using monoOptions --debugger-agent=transport=dt_socket,embedding=1,server=y,suspend=n,address=127.0.0.1:56396
Begin MonoManager ReloadAssembly
Registering precompiled unity dll's ...
Register platform support module: C:/Program Files/Unity/Hub/Editor/2020.3.25f1/Editor/Data/PlaybackEngines/WindowsStandaloneSupport/UnityEditor.WindowsStandalone.Extensions.dll
Registered in 0.002656 seconds.
Native extension for WindowsStandalone target not found
Refreshing native plugins compatible for Editor in 28.96 ms, found 2 plugins.
Preloading 0 native plugins for Editor in 0.00 ms.
Mono: successfully reloaded assembly
- Completed reload, in  0.481 seconds
Domain Reload Profiling:
	ReloadAssembly (481ms)
		BeginReloadAssembly (54ms)
			ExecutionOrderSort (0ms)
			DisableScriptedObjects (0ms)
			BackupInstance (0ms)
			ReleaseScriptingObjects (0ms)
			CreateAndSetChildDomain (1ms)
		EndReloadAssembly (361ms)
			LoadAssemblies (51ms)
			RebuildTransferFunctionScriptingTraits (0ms)
			SetupTypeCache (122ms)
			ReleaseScriptCaches (0ms)
			RebuildScriptCaches (24ms)
			SetupLoadedEditorAssemblies (131ms)
				LogAssemblyErrors (0ms)
				InitializePlatformSupportModulesInManaged (4ms)
				SetLoadedEditorAssemblies (0ms)
				RefreshPlugins (29ms)
				BeforeProcessingInitializeOnLoad (10ms)
				ProcessInitializeOnLoadAttributes (64ms)
				ProcessInitializeOnLoadMethodAttributes (23ms)
				AfterProcessingInitializeOnLoad (0ms)
				EditorAssembliesLoaded (0ms)
			ExecutionOrderSort2 (0ms)
			AwakeInstancesAfterBackupRestoration (0ms)
Platform modules already initialized, skipping
Registering precompiled user dll's ...
Registered in 0.005208 seconds.
Begin MonoManager ReloadAssembly
Native extension for WindowsStandalone target not found
Refreshing native plugins compatible for Editor in 0.46 ms, found 2 plugins.
Preloading 0 native plugins for Editor in 0.00 ms.
Mono: successfully reloaded assembly
- Completed reload, in  0.844 seconds
Domain Reload Profiling:
	ReloadAssembly (845ms)
		BeginReloadAssembly (130ms)
			ExecutionOrderSort (0ms)
			DisableScriptedObjects (4ms)
			BackupInstance (0ms)
			ReleaseScriptingObjects (0ms)
			CreateAndSetChildDomain (17ms)
		EndReloadAssembly (657ms)
			LoadAssemblies (81ms)
			RebuildTransferFunctionScriptingTraits (0ms)
			SetupTypeCache (231ms)
			ReleaseScriptCaches (0ms)
			RebuildScriptCaches (35ms)
			SetupLoadedEditorAssemblies (241ms)
				LogAssemblyErrors (0ms)
				InitializePlatformSupportModulesInManaged (4ms)
				SetLoadedEditorAssemblies (0ms)
				RefreshPlugins (1ms)
				BeforeProcessingInitializeOnLoad (75ms)
				ProcessInitializeOnLoadAttributes (146ms)
				ProcessInitializeOnLoadMethodAttributes (7ms)
				AfterProcessingInitializeOnLoad (8ms)
				EditorAssembliesLoaded (0ms)
			ExecutionOrderSort2 (0ms)
			AwakeInstancesAfterBackupRestoration (5ms)
Platform modules already initialized, skipping
========================================================================
Worker process is ready to serve import requests
Launched and connected shader compiler UnityShaderCompiler.exe after 0.06 seconds
Refreshing native plugins compatible for Editor in 0.53 ms, found 2 plugins.
Preloading 0 native plugins for Editor in 0.00 ms.
Unloading 1602 Unused Serialized files (Serialized files now loaded: 0)
System memory in use before: 74.0 MB.
System memory in use after: 74.1 MB.

Unloading 32 unused Assets to reduce memory usage. Loaded Objects now: 2021.
Total: 3.196600 ms (FindLiveObjects: 0.160500 ms CreateObjectMapping: 0.036000 ms MarkObjects: 2.939600 ms  DeleteObjects: 0.059500 ms)

AssetImportParameters requested are different than current active one (requested -> active):
  custom:framework-win-MediaFoundation: 216162199b28c13a410421893ffa2e32 -> 
  custom:video-decoder-ogg-theora: a1e56fd34408186e4bbccfd4996cb3dc -> 
  custom:container-muxer-webm: aa71ff27fc2769a1b78a27578f13a17b -> 
  custom:container-demuxer-webm: 4f35f7cbe854078d1ac9338744f61a02 -> 
  custom:container-demuxer-ogg: 62fdf1f143b41e24485cea50d1cbac27 -> 
  custom:video-encoder-webm-vp8: eb34c28f22e8b96e1ab97ce403110664 -> 
  custom:video-decoder-webm-vp8: 9c59270c3fd7afecdb556c50c9e8de78 -> 
  custom:audio-decoder-ogg-vorbis: bf7c407c2cedff20999df2af8eb42d56 -> 
  custom:audio-encoder-webm-vorbis: bf7c407c2cedff20999df2af8eb42d56 -> 
========================================================================
Received Import Request.
  path: Assets/Scenes
  artifactKey: Guid(f7b66c42ee145314083f073e99178630) Importer(815301076,1909f56bfc062723c751e8b465ee728b)
Start importing Assets/Scenes using Guid(f7b66c42ee145314083f073e99178630) Importer(815301076,1909f56bfc062723c751e8b465ee728b)  -> (artifact id: '4bf9865a42ac04deb6d7662984a29e29') in 0.011126 seconds 
  Import took 0.013724 seconds .

========================================================================
Received Import Request.
  Time since last request: 132.986099 seconds.
  path: Assets/Editor
  artifactKey: Guid(9a2df797eb7ea8e44843144af9429b99) Importer(815301076,1909f56bfc062723c751e8b465ee728b)
Start importing Assets/Editor using Guid(9a2df797eb7ea8e44843144af9429b99) Importer(815301076,1909f56bfc062723c751e8b465ee728b)  -> (artifact id: '0444d6da485580535437c8f7bfc283a6') in 0.008346 seconds 
  Import took 0.011019 seconds .

========================================================================
Received Import Request.
  Time since last request: 0.892391 seconds.
  path: Assets/Editor/com.unity.mobile.notifications
  artifactKey: Guid(6d8e2e3178665be488e481c57be9527e) Importer(815301076,1909f56bfc062723c751e8b465ee728b)
Start importing Assets/Editor/com.unity.mobile.notifications using Guid(6d8e2e3178665be488e481c57be9527e) Importer(815301076,1909f56bfc062723c751e8b465ee728b)  -> (artifact id: '4bed2659f7381daf13d42d1c689b8641') in 0.007914 seconds 
  Import took 0.010517 seconds .

========================================================================
Received Import Request.
  Time since last request: 0.043336 seconds.
  path: Assets/Editor/com.unity.mobile.notifications/NotificationSettings.asset
  artifactKey: Guid(45a04f37e0f48c744acc0874c4a8918a) Importer(815301076,1909f56bfc062723c751e8b465ee728b)
Start importing Assets/Editor/com.unity.mobile.notifications/NotificationSettings.asset using Guid(45a04f37e0f48c744acc0874c4a8918a) Importer(815301076,1909f56bfc062723c751e8b465ee728b)  -> (artifact id: '886462b8e450c4c6213bf7813e8106cc') in 0.039098 seconds 
  Import took 0.041666 seconds .

========================================================================
Received Import Request.
  Time since last request: 13.375449 seconds.
  path: Packages/com.unity.test-framework
  artifactKey: Guid(6023f2b823fc19b4e4a90875281ff117) Importer(815301076,1909f56bfc062723c751e8b465ee728b)
Start importing Packages/com.unity.test-framework using Guid(6023f2b823fc19b4e4a90875281ff117) Importer(815301076,1909f56bfc062723c751e8b465ee728b)  -> (artifact id: '7b3fecfc8d873fe96244889d860a7252') in 0.008707 seconds 
  Import took 0.011299 seconds .

========================================================================
Received Import Request.
  Time since last request: 0.061844 seconds.
  path: Packages/com.unity.test-framework/package.json
  artifactKey: Guid(d6a2e6e4803de7b43baacdc355fc144d) Importer(815301076,1909f56bfc062723c751e8b465ee728b)
Start importing Packages/com.unity.test-framework/package.json using Guid(d6a2e6e4803de7b43baacdc355fc144d) Importer(815301076,1909f56bfc062723c751e8b465ee728b)  -> (artifact id: '348d0090788821c173ed5a91192d97b9') in 0.020935 seconds 
  Import took 0.023535 seconds .

========================================================================
Received Import Request.
  Time since last request: 5.327564 seconds.
  path: Packages/com.unity.timeline
  artifactKey: Guid(a4610cf559d77b9f256416d9ccaeac55) Importer(815301076,1909f56bfc062723c751e8b465ee728b)
Start importing Packages/com.unity.timeline using Guid(a4610cf559d77b9f256416d9ccaeac55) Importer(815301076,1909f56bfc062723c751e8b465ee728b)  -> (artifact id: 'faf0c4e2b16555589375b70b30cdb036') in 0.006606 seconds 
  Import took 0.009469 seconds .

========================================================================
Received Import Request.
  Time since last request: 0.043713 seconds.
  path: Packages/com.unity.timeline/package.json
  artifactKey: Guid(13a9c1b4df2e489e8eb9cacca7429596) Importer(815301076,1909f56bfc062723c751e8b465ee728b)
Start importing Packages/com.unity.timeline/package.json using Guid(13a9c1b4df2e489e8eb9cacca7429596) Importer(815301076,1909f56bfc062723c751e8b465ee728b)  -> (artifact id: '82c6c08db8f434b9305b26de0687e812') in 0.011288 seconds 
  Import took 0.013822 seconds .

========================================================================
Received Import Request.
  Time since last request: 3.716729 seconds.
  path: Packages/com.unity.ext.nunit
  artifactKey: Guid(25a477c2f24db8778a4179421a32cc21) Importer(815301076,1909f56bfc062723c751e8b465ee728b)
Start importing Packages/com.unity.ext.nunit using Guid(25a477c2f24db8778a4179421a32cc21) Importer(815301076,1909f56bfc062723c751e8b465ee728b)  -> (artifact id: 'de8b3f671dc9f0a57b867a67d4aae8de') in 0.007545 seconds 
  Import took 0.010190 seconds .

========================================================================
Received Import Request.
  Time since last request: 0.066745 seconds.
  path: Packages/com.unity.ext.nunit/package.json
  artifactKey: Guid(8143d3a8390f2c64685e3bc272bd9e90) Importer(815301076,1909f56bfc062723c751e8b465ee728b)
Start importing Packages/com.unity.ext.nunit/package.json using Guid(8143d3a8390f2c64685e3bc272bd9e90) Importer(815301076,1909f56bfc062723c751e8b465ee728b)  -> (artifact id: '36f449bd9ed4a92e06d659da724da745') in 0.011352 seconds 
  Import took 0.013823 seconds .

========================================================================
Received Import Request.
  Time since last request: 5.172754 seconds.
  path: Packages/com.unity.ugui
  artifactKey: Guid(8f7652e09069a1943278893d4264401e) Importer(815301076,1909f56bfc062723c751e8b465ee728b)
Start importing Packages/com.unity.ugui using Guid(8f7652e09069a1943278893d4264401e) Importer(815301076,1909f56bfc062723c751e8b465ee728b)  -> (artifact id: '9be8eef517426cf4e5d1ef023f0f7cab') in 0.007396 seconds 
  Import took 0.010260 seconds .

========================================================================
Received Import Request.
  Time since last request: 0.059005 seconds.
  path: Packages/com.unity.ugui/package.json
  artifactKey: Guid(319b8889f363f5947acf209c17a94149) Importer(815301076,1909f56bfc062723c751e8b465ee728b)
Start importing Packages/com.unity.ugui/package.json using Guid(319b8889f363f5947acf209c17a94149) Importer(815301076,1909f56bfc062723c751e8b465ee728b)  -> (artifact id: '39d1f12f0f4420a8b9dea50868bbb5d0') in 0.010840 seconds 
  Import took 0.013373 seconds .

========================================================================
Received Import Request.
  Time since last request: 4.973268 seconds.
  path: Packages/com.unity.ide.visualstudio
  artifactKey: Guid(9db636ca49aa246019dd93b7c8b689f4) Importer(815301076,1909f56bfc062723c751e8b465ee728b)
Start importing Packages/com.unity.ide.visualstudio using Guid(9db636ca49aa246019dd93b7c8b689f4) Importer(815301076,1909f56bfc062723c751e8b465ee728b)  -> (artifact id: '97ec95a5506f2bdeeee79941468489e5') in 0.008540 seconds 
  Import took 0.011026 seconds .

========================================================================
Received Import Request.
  Time since last request: 0.066154 seconds.
  path: Packages/com.unity.ide.visualstudio/package.json
  artifactKey: Guid(656f74f6edaa396458412b9e3903d8cd) Importer(815301076,1909f56bfc062723c751e8b465ee728b)
Start importing Packages/com.unity.ide.visualstudio/package.json using Guid(656f74f6edaa396458412b9e3903d8cd) Importer(815301076,1909f56bfc062723c751e8b465ee728b)  -> (artifact id: '2dbbbecbf6b62e0f0ea428d10de5a339') in 0.011731 seconds 
  Import took 0.014760 seconds .

========================================================================
Received Import Request.
  Time since last request: 56.025743 seconds.
  path: Packages/com.unity.services.core/package.json
  artifactKey: Guid(182c5bcc97fc21747a9ca5e01da1ed3f) Importer(815301076,1909f56bfc062723c751e8b465ee728b)
Start importing Packages/com.unity.services.core/package.json using Guid(182c5bcc97fc21747a9ca5e01da1ed3f) Importer(815301076,1909f56bfc062723c751e8b465ee728b)  -> (artifact id: '25b8084c496b82982a982aa19ee0d890') in 0.012242 seconds 
  Import took 0.014719 seconds .

========================================================================
Received Import Request.
  Time since last request: 0.977462 seconds.
  path: Packages/com.unity.nuget.newtonsoft-json/package.json
  artifactKey: Guid(f8d4e5c2f2df25449ae8c391afbe5114) Importer(815301076,1909f56bfc062723c751e8b465ee728b)
Start importing Packages/com.unity.nuget.newtonsoft-json/package.json using Guid(f8d4e5c2f2df25449ae8c391afbe5114) Importer(815301076,1909f56bfc062723c751e8b465ee728b)  -> (artifact id: '3887d1616531507fa9c4f23ac1ba7ce0') in 0.007163 seconds 
  Import took 0.009873 seconds .

========================================================================
Received Import Request.
  Time since last request: 0.701832 seconds.
  path: Packages/com.unity.mobile.notifications/package.json
  artifactKey: Guid(9037b93af819441399710ccc3639dd18) Importer(815301076,1909f56bfc062723c751e8b465ee728b)
Start importing Packages/com.unity.mobile.notifications/package.json using Guid(9037b93af819441399710ccc3639dd18) Importer(815301076,1909f56bfc062723c751e8b465ee728b)  -> (artifact id: '3e0ead96119be2091bc8070f0922ec15') in 0.007737 seconds 
  Import took 0.010148 seconds .

========================================================================
Received Import Request.
  Time since last request: 1.101783 seconds.
  path: Packages/com.unity.ide.rider/package.json
  artifactKey: Guid(66c95bb3c74257f41bae2622511dc02d) Importer(815301076,1909f56bfc062723c751e8b465ee728b)
Start importing Packages/com.unity.ide.rider/package.json using Guid(66c95bb3c74257f41bae2622511dc02d) Importer(815301076,1909f56bfc062723c751e8b465ee728b)  -> (artifact id: 'ff96f7b61e94a0dc9b975679be81ead9') in 0.011067 seconds 
  Import took 0.013671 seconds .

========================================================================
Received Import Request.
  Time since last request: 2.130486 seconds.
  path: Packages/com.unity.mobile.android-logcat/package.json
  artifactKey: Guid(77f50a85a97ec4c41ba7be166c574498) Importer(815301076,1909f56bfc062723c751e8b465ee728b)
Start importing Packages/com.unity.mobile.android-logcat/package.json using Guid(77f50a85a97ec4c41ba7be166c574498) Importer(815301076,1909f56bfc062723c751e8b465ee728b)  -> (artifact id: '853e68efeed67da5dc39f5b9d1922fa3') in 0.008013 seconds 
  Import took 0.010544 seconds .

========================================================================
Received Import Request.
  Time since last request: 2.071469 seconds.
  path: Packages/com.unity.ext.nunit/net35
  artifactKey: Guid(a36d8b72880a8004f96ac54ce4598ff9) Importer(815301076,1909f56bfc062723c751e8b465ee728b)
Start importing Packages/com.unity.ext.nunit/net35 using Guid(a36d8b72880a8004f96ac54ce4598ff9) Importer(815301076,1909f56bfc062723c751e8b465ee728b)  -> (artifact id: 'f5f1b27b24c11cc720585ebd98832c29') in 0.007849 seconds 
  Import took 0.010530 seconds .

========================================================================
Received Import Request.
  Time since last request: 0.644422 seconds.
  path: Packages/com.unity.ext.nunit/net35/unity-custom
  artifactKey: Guid(2347243c7aa3e224f9282dc94e6fc3b2) Importer(815301076,1909f56bfc062723c751e8b465ee728b)
Start importing Packages/com.unity.ext.nunit/net35/unity-custom using Guid(2347243c7aa3e224f9282dc94e6fc3b2) Importer(815301076,1909f56bfc062723c751e8b465ee728b)  -> (artifact id: 'f1ab6269ff3beb0fb0292ac4b7d4dd34') in 0.006400 seconds 
  Import took 0.009065 seconds .

========================================================================
Received Import Request.
  Time since last request: 20.167176 seconds.
  path: Packages/com.unity.mobile.android-logcat
  artifactKey: Guid(e057d9f7ed781db9df3c376d780b1ecf) Importer(815301076,1909f56bfc062723c751e8b465ee728b)
Start importing Packages/com.unity.mobile.android-logcat using Guid(e057d9f7ed781db9df3c376d780b1ecf) Importer(815301076,1909f56bfc062723c751e8b465ee728b)  -> (artifact id: '4bbf095c1d65957566ecfc220c173a60') in 0.007528 seconds 
  Import took 0.010350 seconds .

========================================================================
Received Import Request.
  Time since last request: 13.702646 seconds.
  path: Assets/WhitePorcelainDishSetDemo/Models
  artifactKey: Guid(dddc798ec42dcd844b4cdb8641d90573) Importer(815301076,1909f56bfc062723c751e8b465ee728b)
Start importing Assets/WhitePorcelainDishSetDemo/Models using Guid(dddc798ec42dcd844b4cdb8641d90573) Importer(815301076,1909f56bfc062723c751e8b465ee728b)  -> (artifact id: 'efbb3dceed679bad4e72cc63ff922180') in 0.006897 seconds 
  Import took 0.009482 seconds .

========================================================================
Received Import Request.
  Time since last request: 0.053216 seconds.
  path: Assets/WhitePorcelainDishSetDemo/Models/Dishes.fbx
  artifactKey: Guid(8635ad619200dd0488f99cbb185e8363) Importer(815301076,1909f56bfc062723c751e8b465ee728b)
Start importing Assets/WhitePorcelainDishSetDemo/Models/Dishes.fbx using Guid(8635ad619200dd0488f99cbb185e8363) Importer(815301076,1909f56bfc062723c751e8b465ee728b)  -> (artifact id: '19fe1d1bfb087d762649896230fe31d0') in 0.373623 seconds 
  Import took 0.376523 seconds .

========================================================================
Received Import Request.
  Time since last request: 48.748277 seconds.
  path: Assets/WhitePorcelainDishSetDemo/Prefabs/Bowl.000.prefab
  artifactKey: Guid(6aa67f622cbf56845adce02fd1b448c4) Importer(815301076,1909f56bfc062723c751e8b465ee728b)
Start importing Assets/WhitePorcelainDishSetDemo/Prefabs/Bowl.000.prefab using Guid(6aa67f622cbf56845adce02fd1b448c4) Importer(815301076,1909f56bfc062723c751e8b465ee728b)  -> (artifact id: '083183d04980ca5a712aadb79ece654a') in 0.019931 seconds 
  Import took 0.023130 seconds .

========================================================================
Received Import Request.
  Time since last request: 0.000180 seconds.
  path: Assets/WhitePorcelainDishSetDemo/Prefabs/DeepDish.001.prefab
  artifactKey: Guid(2942722b4da6c9e4689c5e8ee4f94055) Importer(815301076,1909f56bfc062723c751e8b465ee728b)
Start importing Assets/WhitePorcelainDishSetDemo/Prefabs/DeepDish.001.prefab using Guid(2942722b4da6c9e4689c5e8ee4f94055) Importer(815301076,1909f56bfc062723c751e8b465ee728b)  -> (artifact id: 'f97b46be1ea2bfa04c1d02edb35c8508') in 0.025527 seconds 
  Import took 0.027894 seconds .

========================================================================
Received Import Request.
  Time since last request: 0.000190 seconds.
  path: Assets/WhitePorcelainDishSetDemo/Prefabs/Teacup.prefab
  artifactKey: Guid(94e0036eb54fdb4438e1f4276e4f6abe) Importer(815301076,1909f56bfc062723c751e8b465ee728b)
Start importing Assets/WhitePorcelainDishSetDemo/Prefabs/Teacup.prefab using Guid(94e0036eb54fdb4438e1f4276e4f6abe) Importer(815301076,1909f56bfc062723c751e8b465ee728b)  -> (artifact id: '0f5caa99cb45b1988627814a73271fe0') in 0.017960 seconds 
  Import took 0.020284 seconds .

========================================================================
Received Import Request.
  Time since last request: 0.000194 seconds.
  path: Assets/WhitePorcelainDishSetDemo/Prefabs/Mug.prefab
  artifactKey: Guid(f30b04b488e907b4a88bf0e13b603528) Importer(815301076,1909f56bfc062723c751e8b465ee728b)
Start importing Assets/WhitePorcelainDishSetDemo/Prefabs/Mug.prefab using Guid(f30b04b488e907b4a88bf0e13b603528) Importer(815301076,1909f56bfc062723c751e8b465ee728b)  -> (artifact id: '2b38d3a90182402011386d09346966e8') in 0.020409 seconds 
  Import took 0.022863 seconds .

========================================================================
Received Import Request.
  Time since last request: 0.000269 seconds.
  path: Assets/WhitePorcelainDishSetDemo/Prefabs/Teacupsaucer.prefab
  artifactKey: Guid(243eb5d9135467f43b21973191a9dae6) Importer(815301076,1909f56bfc062723c751e8b465ee728b)
Start importing Assets/WhitePorcelainDishSetDemo/Prefabs/Teacupsaucer.prefab using Guid(243eb5d9135467f43b21973191a9dae6) Importer(815301076,1909f56bfc062723c751e8b465ee728b)  -> (artifact id: '5f31d73d880d90400f7f588a2d3b8ba1') in 0.017027 seconds 
  Import took 0.019623 seconds .

========================================================================
Received Import Request.
  Time since last request: 0.000195 seconds.
  path: Assets/WhitePorcelainDishSetDemo/Prefabs/Plate.000.prefab
  artifactKey: Guid(4cbd23b3563dcc44ab5953c60c8f61a6) Importer(815301076,1909f56bfc062723c751e8b465ee728b)
Start importing Assets/WhitePorcelainDishSetDemo/Prefabs/Plate.000.prefab using Guid(4cbd23b3563dcc44ab5953c60c8f61a6) Importer(815301076,1909f56bfc062723c751e8b465ee728b)  -> (artifact id: 'b014cdbaaeea611fce3b2dc8ed17d8c3') in 0.017110 seconds 
  Import took 0.019889 seconds .

========================================================================
Received Import Request.
  Time since last request: 0.000180 seconds.
  path: Assets/WhitePorcelainDishSetDemo/Prefabs/Teapot.prefab
  artifactKey: Guid(dadabfb7666c71040b774315c71951ea) Importer(815301076,1909f56bfc062723c751e8b465ee728b)
Start importing Assets/WhitePorcelainDishSetDemo/Prefabs/Teapot.prefab using Guid(dadabfb7666c71040b774315c71951ea) Importer(815301076,1909f56bfc062723c751e8b465ee728b)  -> (artifact id: 'b9794fa3f5c90c36c08fab2a0d521093') in 0.016810 seconds 
  Import took 0.019447 seconds .

========================================================================
Received Import Request.
  Time since last request: 0.000220 seconds.
  path: Assets/WhitePorcelainDishSetDemo/Prefabs/Plate.004.prefab
  artifactKey: Guid(f0fbfbdd12d4c474296db60c6ce68838) Importer(815301076,1909f56bfc062723c751e8b465ee728b)
Start importing Assets/WhitePorcelainDishSetDemo/Prefabs/Plate.004.prefab using Guid(f0fbfbdd12d4c474296db60c6ce68838) Importer(815301076,1909f56bfc062723c751e8b465ee728b)  -> (artifact id: 'e7dd076abbf070cc2edacc00343cbea9') in 0.016569 seconds 
  Import took 0.019350 seconds .

========================================================================
Received Prepare
Registering precompiled user dll's ...
Registered in 0.005485 seconds.
Begin MonoManager ReloadAssembly
Native extension for WindowsStandalone target not found
Refreshing native plugins compatible for Editor in 0.56 ms, found 2 plugins.
Preloading 0 native plugins for Editor in 0.00 ms.
Mono: successfully reloaded assembly
- Completed reload, in  0.874 seconds
Domain Reload Profiling:
	ReloadAssembly (874ms)
		BeginReloadAssembly (118ms)
			ExecutionOrderSort (0ms)
			DisableScriptedObjects (4ms)
			BackupInstance (0ms)
			ReleaseScriptingObjects (0ms)
			CreateAndSetChildDomain (36ms)
		EndReloadAssembly (680ms)
			LoadAssemblies (91ms)
			RebuildTransferFunctionScriptingTraits (0ms)
			SetupTypeCache (241ms)
			ReleaseScriptCaches (1ms)
			RebuildScriptCaches (33ms)
			SetupLoadedEditorAssemblies (240ms)
				LogAssemblyErrors (0ms)
				InitializePlatformSupportModulesInManaged (4ms)
				SetLoadedEditorAssemblies (1ms)
				RefreshPlugins (1ms)
				BeforeProcessingInitializeOnLoad (78ms)
				ProcessInitializeOnLoadAttributes (141ms)
				ProcessInitializeOnLoadMethodAttributes (7ms)
				AfterProcessingInitializeOnLoad (8ms)
				EditorAssembliesLoaded (0ms)
			ExecutionOrderSort2 (0ms)
			AwakeInstancesAfterBackupRestoration (6ms)
Platform modules already initialized, skipping
Refreshing native plugins compatible for Editor in 0.46 ms, found 2 plugins.
Preloading 0 native plugins for Editor in 0.00 ms.
Unloading 1597 Unused Serialized files (Serialized files now loaded: 0)
System memory in use before: 77.5 MB.
System memory in use after: 77.6 MB.

Unloading 27 unused Assets to reduce memory usage. Loaded Objects now: 2035.
Total: 3.407600 ms (FindLiveObjects: 0.326200 ms CreateObjectMapping: 0.057400 ms MarkObjects: 2.999900 ms  DeleteObjects: 0.022500 ms)

AssetImportParameters requested are different than current active one (requested -> active):
  custom:framework-win-MediaFoundation: 216162199b28c13a410421893ffa2e32 -> 
  custom:video-decoder-ogg-theora: a1e56fd34408186e4bbccfd4996cb3dc -> 
  custom:container-muxer-webm: aa71ff27fc2769a1b78a27578f13a17b -> 
  custom:container-demuxer-webm: 4f35f7cbe854078d1ac9338744f61a02 -> 
  custom:container-demuxer-ogg: 62fdf1f143b41e24485cea50d1cbac27 -> 
  custom:video-encoder-webm-vp8: eb34c28f22e8b96e1ab97ce403110664 -> 
  custom:video-decoder-webm-vp8: 9c59270c3fd7afecdb556c50c9e8de78 -> 
  custom:audio-decoder-ogg-vorbis: bf7c407c2cedff20999df2af8eb42d56 -> 
  custom:audio-encoder-webm-vorbis: bf7c407c2cedff20999df2af8eb42d56 -> 
========================================================================
Received Prepare
Registering precompiled user dll's ...
Registered in 0.006138 seconds.
Begin MonoManager ReloadAssembly
Native extension for WindowsStandalone target not found
Refreshing native plugins compatible for Editor in 0.49 ms, found 2 plugins.
Preloading 0 native plugins for Editor in 0.00 ms.
Mono: successfully reloaded assembly
- Completed reload, in  0.859 seconds
Domain Reload Profiling:
	ReloadAssembly (860ms)
		BeginReloadAssembly (103ms)
			ExecutionOrderSort (0ms)
			DisableScriptedObjects (4ms)
			BackupInstance (0ms)
			ReleaseScriptingObjects (0ms)
			CreateAndSetChildDomain (29ms)
		EndReloadAssembly (691ms)
			LoadAssemblies (84ms)
			RebuildTransferFunctionScriptingTraits (0ms)
			SetupTypeCache (241ms)
			ReleaseScriptCaches (1ms)
			RebuildScriptCaches (33ms)
			SetupLoadedEditorAssemblies (245ms)
				LogAssemblyErrors (0ms)
				InitializePlatformSupportModulesInManaged (4ms)
				SetLoadedEditorAssemblies (0ms)
				RefreshPlugins (1ms)
				BeforeProcessingInitializeOnLoad (74ms)
				ProcessInitializeOnLoadAttributes (148ms)
				ProcessInitializeOnLoadMethodAttributes (9ms)
				AfterProcessingInitializeOnLoad (8ms)
				EditorAssembliesLoaded (0ms)
			ExecutionOrderSort2 (0ms)
			AwakeInstancesAfterBackupRestoration (5ms)
Platform modules already initialized, skipping
Refreshing native plugins compatible for Editor in 0.47 ms, found 2 plugins.
Preloading 0 native plugins for Editor in 0.00 ms.
Unloading 1597 Unused Serialized files (Serialized files now loaded: 0)
System memory in use before: 77.6 MB.
System memory in use after: 77.7 MB.

Unloading 27 unused Assets to reduce memory usage. Loaded Objects now: 2037.
Total: 3.021700 ms (FindLiveObjects: 0.215200 ms CreateObjectMapping: 0.037700 ms MarkObjects: 2.733100 ms  DeleteObjects: 0.034100 ms)

AssetImportParameters requested are different than current active one (requested -> active):
  custom:framework-win-MediaFoundation: 216162199b28c13a410421893ffa2e32 -> 
  custom:video-decoder-ogg-theora: a1e56fd34408186e4bbccfd4996cb3dc -> 
  custom:container-muxer-webm: aa71ff27fc2769a1b78a27578f13a17b -> 
  custom:container-demuxer-webm: 4f35f7cbe854078d1ac9338744f61a02 -> 
  custom:container-demuxer-ogg: 62fdf1f143b41e24485cea50d1cbac27 -> 
  custom:video-encoder-webm-vp8: eb34c28f22e8b96e1ab97ce403110664 -> 
  custom:video-decoder-webm-vp8: 9c59270c3fd7afecdb556c50c9e8de78 -> 
  custom:audio-decoder-ogg-vorbis: bf7c407c2cedff20999df2af8eb42d56 -> 
  custom:audio-encoder-webm-vorbis: bf7c407c2cedff20999df2af8eb42d56 -> 
========================================================================
Received Prepare
Registering precompiled user dll's ...
Registered in 0.005169 seconds.
Begin MonoManager ReloadAssembly
Native extension for WindowsStandalone target not found
Refreshing native plugins compatible for Editor in 0.48 ms, found 2 plugins.
Preloading 0 native plugins for Editor in 0.00 ms.
Mono: successfully reloaded assembly
- Completed reload, in  0.820 seconds
Domain Reload Profiling:
	ReloadAssembly (821ms)
		BeginReloadAssembly (116ms)
			ExecutionOrderSort (0ms)
			DisableScriptedObjects (3ms)
			BackupInstance (0ms)
			ReleaseScriptingObjects (0ms)
			CreateAndSetChildDomain (28ms)
		EndReloadAssembly (640ms)
			LoadAssemblies (87ms)
			RebuildTransferFunctionScriptingTraits (0ms)
			SetupTypeCache (221ms)
			ReleaseScriptCaches (1ms)
			RebuildScriptCaches (31ms)
			SetupLoadedEditorAssemblies (236ms)
				LogAssemblyErrors (0ms)
				InitializePlatformSupportModulesInManaged (4ms)
				SetLoadedEditorAssemblies (0ms)
				RefreshPlugins (1ms)
				BeforeProcessingInitializeOnLoad (72ms)
				ProcessInitializeOnLoadAttributes (143ms)
				ProcessInitializeOnLoadMethodAttributes (7ms)
				AfterProcessingInitializeOnLoad (8ms)
				EditorAssembliesLoaded (0ms)
			ExecutionOrderSort2 (0ms)
			AwakeInstancesAfterBackupRestoration (5ms)
Platform modules already initialized, skipping
Refreshing native plugins compatible for Editor in 0.64 ms, found 2 plugins.
Preloading 0 native plugins for Editor in 0.00 ms.
Unloading 1598 Unused Serialized files (Serialized files now loaded: 0)
System memory in use before: 77.6 MB.
System memory in use after: 77.7 MB.

Unloading 27 unused Assets to reduce memory usage. Loaded Objects now: 2040.
Total: 2.808400 ms (FindLiveObjects: 0.129400 ms CreateObjectMapping: 0.035500 ms MarkObjects: 2.622800 ms  DeleteObjects: 0.019300 ms)

AssetImportParameters requested are different than current active one (requested -> active):
  custom:framework-win-MediaFoundation: 216162199b28c13a410421893ffa2e32 -> 
  custom:video-decoder-ogg-theora: a1e56fd34408186e4bbccfd4996cb3dc -> 
  custom:container-muxer-webm: aa71ff27fc2769a1b78a27578f13a17b -> 
  custom:container-demuxer-webm: 4f35f7cbe854078d1ac9338744f61a02 -> 
  custom:container-demuxer-ogg: 62fdf1f143b41e24485cea50d1cbac27 -> 
  custom:video-encoder-webm-vp8: eb34c28f22e8b96e1ab97ce403110664 -> 
  custom:video-decoder-webm-vp8: 9c59270c3fd7afecdb556c50c9e8de78 -> 
  custom:audio-decoder-ogg-vorbis: bf7c407c2cedff20999df2af8eb42d56 -> 
  custom:audio-encoder-webm-vorbis: bf7c407c2cedff20999df2af8eb42d56 -> 
========================================================================
Received Prepare
Registering precompiled user dll's ...
Registered in 0.005687 seconds.
Begin MonoManager ReloadAssembly
Native extension for WindowsStandalone target not found
Refreshing native plugins compatible for Editor in 0.47 ms, found 2 plugins.
Preloading 0 native plugins for Editor in 0.00 ms.
Mono: successfully reloaded assembly
- Completed reload, in  0.817 seconds
Domain Reload Profiling:
	ReloadAssembly (818ms)
		BeginReloadAssembly (118ms)
			ExecutionOrderSort (0ms)
			DisableScriptedObjects (4ms)
			BackupInstance (0ms)
			ReleaseScriptingObjects (0ms)
			CreateAndSetChildDomain (28ms)
		EndReloadAssembly (639ms)
			LoadAssemblies (92ms)
			RebuildTransferFunctionScriptingTraits (0ms)
			SetupTypeCache (223ms)
			ReleaseScriptCaches (1ms)
			RebuildScriptCaches (32ms)
			SetupLoadedEditorAssemblies (233ms)
				LogAssemblyErrors (0ms)
				InitializePlatformSupportModulesInManaged (4ms)
				SetLoadedEditorAssemblies (0ms)
				RefreshPlugins (1ms)
				BeforeProcessingInitializeOnLoad (73ms)
				ProcessInitializeOnLoadAttributes (140ms)
				ProcessInitializeOnLoadMethodAttributes (7ms)
				AfterProcessingInitializeOnLoad (8ms)
				EditorAssembliesLoaded (0ms)
			ExecutionOrderSort2 (0ms)
			AwakeInstancesAfterBackupRestoration (5ms)
Platform modules already initialized, skipping
Refreshing native plugins compatible for Editor in 0.50 ms, found 2 plugins.
Preloading 0 native plugins for Editor in 0.00 ms.
Unloading 1597 Unused Serialized files (Serialized files now loaded: 0)
System memory in use before: 77.6 MB.
System memory in use after: 77.7 MB.

Unloading 28 unused Assets to reduce memory usage. Loaded Objects now: 2041.
Total: 2.624000 ms (FindLiveObjects: 0.155200 ms CreateObjectMapping: 0.041700 ms MarkObjects: 2.406200 ms  DeleteObjects: 0.019600 ms)

AssetImportParameters requested are different than current active one (requested -> active):
  custom:framework-win-MediaFoundation: 216162199b28c13a410421893ffa2e32 -> 
  custom:video-decoder-ogg-theora: a1e56fd34408186e4bbccfd4996cb3dc -> 
  custom:container-muxer-webm: aa71ff27fc2769a1b78a27578f13a17b -> 
  custom:container-demuxer-webm: 4f35f7cbe854078d1ac9338744f61a02 -> 
  custom:container-demuxer-ogg: 62fdf1f143b41e24485cea50d1cbac27 -> 
  custom:video-encoder-webm-vp8: eb34c28f22e8b96e1ab97ce403110664 -> 
  custom:video-decoder-webm-vp8: 9c59270c3fd7afecdb556c50c9e8de78 -> 
  custom:audio-decoder-ogg-vorbis: bf7c407c2cedff20999df2af8eb42d56 -> 
  custom:audio-encoder-webm-vorbis: bf7c407c2cedff20999df2af8eb42d56 -> 
========================================================================
Received Prepare
Registering precompiled user dll's ...
Registered in 0.005833 seconds.
Begin MonoManager ReloadAssembly
Native extension for WindowsStandalone target not found
Refreshing native plugins compatible for Editor in 0.48 ms, found 2 plugins.
Preloading 0 native plugins for Editor in 0.00 ms.
Mono: successfully reloaded assembly
- Completed reload, in  0.842 seconds
Domain Reload Profiling:
	ReloadAssembly (842ms)
		BeginReloadAssembly (104ms)
			ExecutionOrderSort (0ms)
			DisableScriptedObjects (4ms)
			BackupInstance (0ms)
			ReleaseScriptingObjects (0ms)
			CreateAndSetChildDomain (27ms)
		EndReloadAssembly (681ms)
			LoadAssemblies (83ms)
			RebuildTransferFunctionScriptingTraits (0ms)
			SetupTypeCache (245ms)
			ReleaseScriptCaches (1ms)
			RebuildScriptCaches (32ms)
			SetupLoadedEditorAssemblies (249ms)
				LogAssemblyErrors (0ms)
				InitializePlatformSupportModulesInManaged (4ms)
				SetLoadedEditorAssemblies (0ms)
				RefreshPlugins (1ms)
				BeforeProcessingInitializeOnLoad (87ms)
				ProcessInitializeOnLoadAttributes (142ms)
				ProcessInitializeOnLoadMethodAttributes (7ms)
				AfterProcessingInitializeOnLoad (8ms)
				EditorAssembliesLoaded (0ms)
			ExecutionOrderSort2 (0ms)
			AwakeInstancesAfterBackupRestoration (5ms)
Platform modules already initialized, skipping
Refreshing native plugins compatible for Editor in 0.56 ms, found 2 plugins.
Preloading 0 native plugins for Editor in 0.00 ms.
Unloading 1597 Unused Serialized files (Serialized files now loaded: 0)
System memory in use before: 77.6 MB.
System memory in use after: 77.7 MB.

Unloading 27 unused Assets to reduce memory usage. Loaded Objects now: 2043.
Total: 2.523800 ms (FindLiveObjects: 0.168700 ms CreateObjectMapping: 0.041300 ms MarkObjects: 2.296400 ms  DeleteObjects: 0.016200 ms)

AssetImportParameters requested are different than current active one (requested -> active):
  custom:framework-win-MediaFoundation: 216162199b28c13a410421893ffa2e32 -> 
  custom:video-decoder-ogg-theora: a1e56fd34408186e4bbccfd4996cb3dc -> 
  custom:container-muxer-webm: aa71ff27fc2769a1b78a27578f13a17b -> 
  custom:container-demuxer-webm: 4f35f7cbe854078d1ac9338744f61a02 -> 
  custom:container-demuxer-ogg: 62fdf1f143b41e24485cea50d1cbac27 -> 
  custom:video-encoder-webm-vp8: eb34c28f22e8b96e1ab97ce403110664 -> 
  custom:video-decoder-webm-vp8: 9c59270c3fd7afecdb556c50c9e8de78 -> 
  custom:audio-decoder-ogg-vorbis: bf7c407c2cedff20999df2af8eb42d56 -> 
  custom:audio-encoder-webm-vorbis: bf7c407c2cedff20999df2af8eb42d56 -> 
========================================================================
Received Import Request.
  Time since last request: 3513.223510 seconds.
  path: Assets
  artifactKey: Guid(00000000000000001000000000000000) Importer(815301076,1909f56bfc062723c751e8b465ee728b)
Start importing Assets using Guid(00000000000000001000000000000000) Importer(815301076,1909f56bfc062723c751e8b465ee728b)  -> (artifact id: '42d402b061de3733987d63b9cc3b64de') in 0.017064 seconds 
  Import took 0.021115 seconds .

========================================================================
Received Import Request.
  Time since last request: 1.619010 seconds.
  path: Assets/SwipeDetector.cs
  artifactKey: Guid(d73866edbe3e56d4a8b512906750c029) Importer(815301076,1909f56bfc062723c751e8b465ee728b)
Start importing Assets/SwipeDetector.cs using Guid(d73866edbe3e56d4a8b512906750c029) Importer(815301076,1909f56bfc062723c751e8b465ee728b)  -> (artifact id: '77a6dd71eabac2af5a3eff481c6cb502') in 0.021971 seconds 
  Import took 0.026377 seconds .

========================================================================
Received Prepare
Registering precompiled user dll's ...
Registered in 0.006437 seconds.
Begin MonoManager ReloadAssembly
Native extension for WindowsStandalone target not found
Refreshing native plugins compatible for Editor in 0.57 ms, found 2 plugins.
Preloading 0 native plugins for Editor in 0.00 ms.
Mono: successfully reloaded assembly
- Completed reload, in  0.825 seconds
Domain Reload Profiling:
	ReloadAssembly (825ms)
		BeginReloadAssembly (113ms)
			ExecutionOrderSort (0ms)
			DisableScriptedObjects (4ms)
			BackupInstance (0ms)
			ReleaseScriptingObjects (0ms)
			CreateAndSetChildDomain (30ms)
		EndReloadAssembly (639ms)
			LoadAssemblies (85ms)
			RebuildTransferFunctionScriptingTraits (0ms)
			SetupTypeCache (216ms)
			ReleaseScriptCaches (1ms)
			RebuildScriptCaches (32ms)
			SetupLoadedEditorAssemblies (239ms)
				LogAssemblyErrors (0ms)
				InitializePlatformSupportModulesInManaged (5ms)
				SetLoadedEditorAssemblies (0ms)
				RefreshPlugins (1ms)
				BeforeProcessingInitializeOnLoad (81ms)
				ProcessInitializeOnLoadAttributes (136ms)
				ProcessInitializeOnLoadMethodAttributes (7ms)
				AfterProcessingInitializeOnLoad (8ms)
				EditorAssembliesLoaded (0ms)
			ExecutionOrderSort2 (0ms)
			AwakeInstancesAfterBackupRestoration (5ms)
Platform modules already initialized, skipping
Refreshing native plugins compatible for Editor in 0.45 ms, found 2 plugins.
Preloading 0 native plugins for Editor in 0.00 ms.
Unloading 1596 Unused Serialized files (Serialized files now loaded: 0)
System memory in use before: 77.6 MB.
System memory in use after: 77.7 MB.

Unloading 28 unused Assets to reduce memory usage. Loaded Objects now: 2044.
Total: 2.743400 ms (FindLiveObjects: 0.159500 ms CreateObjectMapping: 0.036400 ms MarkObjects: 2.530700 ms  DeleteObjects: 0.015900 ms)

AssetImportParameters requested are different than current active one (requested -> active):
  custom:framework-win-MediaFoundation: 216162199b28c13a410421893ffa2e32 -> 
  custom:video-decoder-ogg-theora: a1e56fd34408186e4bbccfd4996cb3dc -> 
  custom:container-muxer-webm: aa71ff27fc2769a1b78a27578f13a17b -> 
  custom:container-demuxer-webm: 4f35f7cbe854078d1ac9338744f61a02 -> 
  custom:container-demuxer-ogg: 62fdf1f143b41e24485cea50d1cbac27 -> 
  custom:video-encoder-webm-vp8: eb34c28f22e8b96e1ab97ce403110664 -> 
  custom:video-decoder-webm-vp8: 9c59270c3fd7afecdb556c50c9e8de78 -> 
  custom:audio-decoder-ogg-vorbis: bf7c407c2cedff20999df2af8eb42d56 -> 
  custom:audio-encoder-webm-vorbis: bf7c407c2cedff20999df2af8eb42d56 -> 
========================================================================
Received Import Request.
  Time since last request: 15.871223 seconds.
  path: Assets/Swipe.cs
  artifactKey: Guid(8dc4aea4c3c32a546a29b7dcf9e1d21a) Importer(815301076,1909f56bfc062723c751e8b465ee728b)
Start importing Assets/Swipe.cs using Guid(8dc4aea4c3c32a546a29b7dcf9e1d21a) Importer(815301076,1909f56bfc062723c751e8b465ee728b)  -> (artifact id: '814c675b1ddf1eaaaa55df42ccaa3371') in 0.015126 seconds 
  Import took 0.020814 seconds .

========================================================================
Received Prepare
Registering precompiled user dll's ...
Registered in 0.006114 seconds.
Begin MonoManager ReloadAssembly
Native extension for WindowsStandalone target not found
Refreshing native plugins compatible for Editor in 1.65 ms, found 2 plugins.
Preloading 0 native plugins for Editor in 0.00 ms.
Mono: successfully reloaded assembly
- Completed reload, in  1.340 seconds
Domain Reload Profiling:
	ReloadAssembly (1340ms)
		BeginReloadAssembly (114ms)
			ExecutionOrderSort (0ms)
			DisableScriptedObjects (4ms)
			BackupInstance (0ms)
			ReleaseScriptingObjects (0ms)
			CreateAndSetChildDomain (30ms)
		EndReloadAssembly (1159ms)
			LoadAssemblies (95ms)
			RebuildTransferFunctionScriptingTraits (0ms)
			SetupTypeCache (260ms)
			ReleaseScriptCaches (1ms)
			RebuildScriptCaches (45ms)
			SetupLoadedEditorAssemblies (655ms)
				LogAssemblyErrors (0ms)
				InitializePlatformSupportModulesInManaged (5ms)
				SetLoadedEditorAssemblies (1ms)
				RefreshPlugins (2ms)
				BeforeProcessingInitializeOnLoad (279ms)
				ProcessInitializeOnLoadAttributes (347ms)
				ProcessInitializeOnLoadMethodAttributes (11ms)
				AfterProcessingInitializeOnLoad (11ms)
				EditorAssembliesLoaded (0ms)
			ExecutionOrderSort2 (0ms)
			AwakeInstancesAfterBackupRestoration (7ms)
Platform modules already initialized, skipping
Refreshing native plugins compatible for Editor in 0.78 ms, found 2 plugins.
Preloading 0 native plugins for Editor in 0.00 ms.
Unloading 1597 Unused Serialized files (Serialized files now loaded: 0)
System memory in use before: 77.6 MB.
System memory in use after: 77.7 MB.

Unloading 27 unused Assets to reduce memory usage. Loaded Objects now: 2047.
Total: 3.026400 ms (FindLiveObjects: 0.180700 ms CreateObjectMapping: 0.038200 ms MarkObjects: 2.783600 ms  DeleteObjects: 0.022200 ms)

AssetImportParameters requested are different than current active one (requested -> active):
  custom:framework-win-MediaFoundation: 216162199b28c13a410421893ffa2e32 -> 
  custom:video-decoder-ogg-theora: a1e56fd34408186e4bbccfd4996cb3dc -> 
  custom:container-muxer-webm: aa71ff27fc2769a1b78a27578f13a17b -> 
  custom:container-demuxer-webm: 4f35f7cbe854078d1ac9338744f61a02 -> 
  custom:container-demuxer-ogg: 62fdf1f143b41e24485cea50d1cbac27 -> 
  custom:video-encoder-webm-vp8: eb34c28f22e8b96e1ab97ce403110664 -> 
  custom:video-decoder-webm-vp8: 9c59270c3fd7afecdb556c50c9e8de78 -> 
  custom:audio-decoder-ogg-vorbis: bf7c407c2cedff20999df2af8eb42d56 -> 
  custom:audio-encoder-webm-vorbis: bf7c407c2cedff20999df2af8eb42d56 -> 
========================================================================
Received Prepare
Registering precompiled user dll's ...
Registered in 0.113689 seconds.
Begin MonoManager ReloadAssembly
Native extension for WindowsStandalone target not found
Refreshing native plugins compatible for Editor in 0.49 ms, found 2 plugins.
Preloading 0 native plugins for Editor in 0.00 ms.
Mono: successfully reloaded assembly
- Completed reload, in  0.788 seconds
Domain Reload Profiling:
	ReloadAssembly (789ms)
		BeginReloadAssembly (108ms)
			ExecutionOrderSort (0ms)
			DisableScriptedObjects (4ms)
			BackupInstance (0ms)
			ReleaseScriptingObjects (0ms)
			CreateAndSetChildDomain (28ms)
		EndReloadAssembly (625ms)
			LoadAssemblies (80ms)
			RebuildTransferFunctionScriptingTraits (0ms)
			SetupTypeCache (216ms)
			ReleaseScriptCaches (1ms)
			RebuildScriptCaches (31ms)
			SetupLoadedEditorAssemblies (228ms)
				LogAssemblyErrors (0ms)
				InitializePlatformSupportModulesInManaged (4ms)
				SetLoadedEditorAssemblies (0ms)
				RefreshPlugins (1ms)
				BeforeProcessingInitializeOnLoad (72ms)
				ProcessInitializeOnLoadAttributes (137ms)
				ProcessInitializeOnLoadMethodAttributes (7ms)
				AfterProcessingInitializeOnLoad (8ms)
				EditorAssembliesLoaded (0ms)
			ExecutionOrderSort2 (0ms)
			AwakeInstancesAfterBackupRestoration (5ms)
Platform modules already initialized, skipping
Refreshing native plugins compatible for Editor in 0.46 ms, found 2 plugins.
Preloading 0 native plugins for Editor in 0.00 ms.
Unloading 1597 Unused Serialized files (Serialized files now loaded: 0)
System memory in use before: 77.6 MB.
System memory in use after: 77.7 MB.

Unloading 27 unused Assets to reduce memory usage. Loaded Objects now: 2049.
Total: 2.715100 ms (FindLiveObjects: 0.150200 ms CreateObjectMapping: 0.033500 ms MarkObjects: 2.516000 ms  DeleteObjects: 0.014700 ms)

AssetImportParameters requested are different than current active one (requested -> active):
  custom:framework-win-MediaFoundation: 216162199b28c13a410421893ffa2e32 -> 
  custom:video-decoder-ogg-theora: a1e56fd34408186e4bbccfd4996cb3dc -> 
  custom:container-muxer-webm: aa71ff27fc2769a1b78a27578f13a17b -> 
  custom:container-demuxer-webm: 4f35f7cbe854078d1ac9338744f61a02 -> 
  custom:container-demuxer-ogg: 62fdf1f143b41e24485cea50d1cbac27 -> 
  custom:video-encoder-webm-vp8: eb34c28f22e8b96e1ab97ce403110664 -> 
  custom:video-decoder-webm-vp8: 9c59270c3fd7afecdb556c50c9e8de78 -> 
  custom:audio-decoder-ogg-vorbis: bf7c407c2cedff20999df2af8eb42d56 -> 
  custom:audio-encoder-webm-vorbis: bf7c407c2cedff20999df2af8eb42d56 -> 
========================================================================
Received Import Request.
  Time since last request: 1472.246365 seconds.
  path: Assets/Swipe.cs
  artifactKey: Guid(8dc4aea4c3c32a546a29b7dcf9e1d21a) Importer(815301076,1909f56bfc062723c751e8b465ee728b)
Start importing Assets/Swipe.cs using Guid(8dc4aea4c3c32a546a29b7dcf9e1d21a) Importer(815301076,1909f56bfc062723c751e8b465ee728b)  -> (artifact id: '95cd480dc9bd20f6a66d67b1a1b1e621') in 0.011283 seconds 
  Import took 0.014550 seconds .

========================================================================
Received Prepare
Registering precompiled user dll's ...
Registered in 0.006377 seconds.
Begin MonoManager ReloadAssembly
Native extension for WindowsStandalone target not found
Refreshing native plugins compatible for Editor in 0.47 ms, found 2 plugins.
Preloading 0 native plugins for Editor in 0.00 ms.
Mono: successfully reloaded assembly
- Completed reload, in  0.811 seconds
Domain Reload Profiling:
	ReloadAssembly (811ms)
		BeginReloadAssembly (97ms)
			ExecutionOrderSort (0ms)
			DisableScriptedObjects (3ms)
			BackupInstance (0ms)
			ReleaseScriptingObjects (0ms)
			CreateAndSetChildDomain (26ms)
		EndReloadAssembly (657ms)
			LoadAssemblies (81ms)
			RebuildTransferFunctionScriptingTraits (0ms)
			SetupTypeCache (242ms)
			ReleaseScriptCaches (1ms)
			RebuildScriptCaches (31ms)
			SetupLoadedEditorAssemblies (228ms)
				LogAssemblyErrors (0ms)
				InitializePlatformSupportModulesInManaged (4ms)
				SetLoadedEditorAssemblies (0ms)
				RefreshPlugins (1ms)
				BeforeProcessingInitializeOnLoad (72ms)
				ProcessInitializeOnLoadAttributes (136ms)
				ProcessInitializeOnLoadMethodAttributes (8ms)
				AfterProcessingInitializeOnLoad (7ms)
				EditorAssembliesLoaded (0ms)
			ExecutionOrderSort2 (0ms)
			AwakeInstancesAfterBackupRestoration (5ms)
Platform modules already initialized, skipping
Refreshing native plugins compatible for Editor in 0.52 ms, found 2 plugins.
Preloading 0 native plugins for Editor in 0.00 ms.
Unloading 1597 Unused Serialized files (Serialized files now loaded: 0)
System memory in use before: 77.6 MB.
System memory in use after: 77.7 MB.

Unloading 27 unused Assets to reduce memory usage. Loaded Objects now: 2051.
Total: 2.528600 ms (FindLiveObjects: 0.146300 ms CreateObjectMapping: 0.035900 ms MarkObjects: 2.331600 ms  DeleteObjects: 0.013900 ms)

AssetImportParameters requested are different than current active one (requested -> active):
  custom:framework-win-MediaFoundation: 216162199b28c13a410421893ffa2e32 -> 
  custom:video-decoder-ogg-theora: a1e56fd34408186e4bbccfd4996cb3dc -> 
  custom:container-muxer-webm: aa71ff27fc2769a1b78a27578f13a17b -> 
  custom:container-demuxer-webm: 4f35f7cbe854078d1ac9338744f61a02 -> 
  custom:container-demuxer-ogg: 62fdf1f143b41e24485cea50d1cbac27 -> 
  custom:video-encoder-webm-vp8: eb34c28f22e8b96e1ab97ce403110664 -> 
  custom:video-decoder-webm-vp8: 9c59270c3fd7afecdb556c50c9e8de78 -> 
  custom:audio-decoder-ogg-vorbis: bf7c407c2cedff20999df2af8eb42d56 -> 
  custom:audio-encoder-webm-vorbis: bf7c407c2cedff20999df2af8eb42d56 -> 
========================================================================
Received Prepare
Registering precompiled user dll's ...
Registered in 0.005669 seconds.
Begin MonoManager ReloadAssembly
Native extension for WindowsStandalone target not found
Refreshing native plugins compatible for Editor in 0.47 ms, found 2 plugins.
Preloading 0 native plugins for Editor in 0.00 ms.
Mono: successfully reloaded assembly
- Completed reload, in  0.890 seconds
Domain Reload Profiling:
	ReloadAssembly (890ms)
		BeginReloadAssembly (114ms)
			ExecutionOrderSort (0ms)
			DisableScriptedObjects (3ms)
			BackupInstance (0ms)
			ReleaseScriptingObjects (0ms)
			CreateAndSetChildDomain (30ms)
		EndReloadAssembly (693ms)
			LoadAssemblies (90ms)
			RebuildTransferFunctionScriptingTraits (0ms)
			SetupTypeCache (243ms)
			ReleaseScriptCaches (1ms)
			RebuildScriptCaches (32ms)
			SetupLoadedEditorAssemblies (248ms)
				LogAssemblyErrors (0ms)
				InitializePlatformSupportModulesInManaged (4ms)
				SetLoadedEditorAssemblies (0ms)
				RefreshPlugins (1ms)
				BeforeProcessingInitializeOnLoad (74ms)
				ProcessInitializeOnLoadAttributes (153ms)
				ProcessInitializeOnLoadMethodAttributes (8ms)
				AfterProcessingInitializeOnLoad (8ms)
				EditorAssembliesLoaded (0ms)
			ExecutionOrderSort2 (0ms)
			AwakeInstancesAfterBackupRestoration (7ms)
Platform modules already initialized, skipping
Refreshing native plugins compatible for Editor in 0.48 ms, found 2 plugins.
Preloading 0 native plugins for Editor in 0.00 ms.
Unloading 1598 Unused Serialized files (Serialized files now loaded: 0)
System memory in use before: 77.6 MB.
System memory in use after: 77.7 MB.

Unloading 27 unused Assets to reduce memory usage. Loaded Objects now: 2054.
Total: 2.610900 ms (FindLiveObjects: 0.168700 ms CreateObjectMapping: 0.036900 ms MarkObjects: 2.339800 ms  DeleteObjects: 0.064300 ms)

AssetImportParameters requested are different than current active one (requested -> active):
  custom:framework-win-MediaFoundation: 216162199b28c13a410421893ffa2e32 -> 
  custom:video-decoder-ogg-theora: a1e56fd34408186e4bbccfd4996cb3dc -> 
  custom:container-muxer-webm: aa71ff27fc2769a1b78a27578f13a17b -> 
  custom:container-demuxer-webm: 4f35f7cbe854078d1ac9338744f61a02 -> 
  custom:container-demuxer-ogg: 62fdf1f143b41e24485cea50d1cbac27 -> 
  custom:video-encoder-webm-vp8: eb34c28f22e8b96e1ab97ce403110664 -> 
  custom:video-decoder-webm-vp8: 9c59270c3fd7afecdb556c50c9e8de78 -> 
  custom:audio-decoder-ogg-vorbis: bf7c407c2cedff20999df2af8eb42d56 -> 
  custom:audio-encoder-webm-vorbis: bf7c407c2cedff20999df2af8eb42d56 -> 
========================================================================
Received Import Request.
  Time since last request: 156.666407 seconds.
  path: Assets/PlayerBall.cs
  artifactKey: Guid(da6e41f6d85d6024fbb1e6c82f12af4d) Importer(815301076,1909f56bfc062723c751e8b465ee728b)
Start importing Assets/PlayerBall.cs using Guid(da6e41f6d85d6024fbb1e6c82f12af4d) Importer(815301076,1909f56bfc062723c751e8b465ee728b)  -> (artifact id: '7da1765570ce156b72042de1638671b9') in 0.011301 seconds 
  Import took 0.014716 seconds .

========================================================================
Received Prepare
Registering precompiled user dll's ...
Registered in 0.005955 seconds.
Begin MonoManager ReloadAssembly
Native extension for WindowsStandalone target not found
Refreshing native plugins compatible for Editor in 0.61 ms, found 2 plugins.
Preloading 0 native plugins for Editor in 0.00 ms.
Mono: successfully reloaded assembly
- Completed reload, in  0.853 seconds
Domain Reload Profiling:
	ReloadAssembly (853ms)
		BeginReloadAssembly (116ms)
			ExecutionOrderSort (0ms)
			DisableScriptedObjects (4ms)
			BackupInstance (0ms)
			ReleaseScriptingObjects (0ms)
			CreateAndSetChildDomain (29ms)
		EndReloadAssembly (673ms)
			LoadAssemblies (87ms)
			RebuildTransferFunctionScriptingTraits (0ms)
			SetupTypeCache (234ms)
			ReleaseScriptCaches (1ms)
			RebuildScriptCaches (33ms)
			SetupLoadedEditorAssemblies (242ms)
				LogAssemblyErrors (0ms)
				InitializePlatformSupportModulesInManaged (4ms)
				SetLoadedEditorAssemblies (0ms)
				RefreshPlugins (1ms)
				BeforeProcessingInitializeOnLoad (77ms)
				ProcessInitializeOnLoadAttributes (143ms)
				ProcessInitializeOnLoadMethodAttributes (8ms)
				AfterProcessingInitializeOnLoad (8ms)
				EditorAssembliesLoaded (0ms)
			ExecutionOrderSort2 (0ms)
			AwakeInstancesAfterBackupRestoration (5ms)
Platform modules already initialized, skipping
Refreshing native plugins compatible for Editor in 0.49 ms, found 2 plugins.
Preloading 0 native plugins for Editor in 0.00 ms.
Unloading 1597 Unused Serialized files (Serialized files now loaded: 0)
System memory in use before: 77.6 MB.
System memory in use after: 77.7 MB.

Unloading 28 unused Assets to reduce memory usage. Loaded Objects now: 2055.
Total: 3.139500 ms (FindLiveObjects: 0.157300 ms CreateObjectMapping: 0.037400 ms MarkObjects: 2.917300 ms  DeleteObjects: 0.026100 ms)

AssetImportParameters requested are different than current active one (requested -> active):
  custom:framework-win-MediaFoundation: 216162199b28c13a410421893ffa2e32 -> 
  custom:video-decoder-ogg-theora: a1e56fd34408186e4bbccfd4996cb3dc -> 
  custom:container-muxer-webm: aa71ff27fc2769a1b78a27578f13a17b -> 
  custom:container-demuxer-webm: 4f35f7cbe854078d1ac9338744f61a02 -> 
  custom:container-demuxer-ogg: 62fdf1f143b41e24485cea50d1cbac27 -> 
  custom:video-encoder-webm-vp8: eb34c28f22e8b96e1ab97ce403110664 -> 
  custom:video-decoder-webm-vp8: 9c59270c3fd7afecdb556c50c9e8de78 -> 
  custom:audio-decoder-ogg-vorbis: bf7c407c2cedff20999df2af8eb42d56 -> 
  custom:audio-encoder-webm-vorbis: bf7c407c2cedff20999df2af8eb42d56 -> 
========================================================================
Received Prepare
Registering precompiled user dll's ...
Registered in 0.005283 seconds.
Begin MonoManager ReloadAssembly
Native extension for WindowsStandalone target not found
Refreshing native plugins compatible for Editor in 0.47 ms, found 2 plugins.
Preloading 0 native plugins for Editor in 0.00 ms.
Mono: successfully reloaded assembly
- Completed reload, in  0.817 seconds
Domain Reload Profiling:
	ReloadAssembly (818ms)
		BeginReloadAssembly (108ms)
			ExecutionOrderSort (0ms)
			DisableScriptedObjects (5ms)
			BackupInstance (0ms)
			ReleaseScriptingObjects (0ms)
			CreateAndSetChildDomain (27ms)
		EndReloadAssembly (649ms)
			LoadAssemblies (81ms)
			RebuildTransferFunctionScriptingTraits (0ms)
			SetupTypeCache (235ms)
			ReleaseScriptCaches (1ms)
			RebuildScriptCaches (31ms)
			SetupLoadedEditorAssemblies (231ms)
				LogAssemblyErrors (0ms)
				InitializePlatformSupportModulesInManaged (4ms)
				SetLoadedEditorAssemblies (0ms)
				RefreshPlugins (1ms)
				BeforeProcessingInitializeOnLoad (74ms)
				ProcessInitializeOnLoadAttributes (136ms)
				ProcessInitializeOnLoadMethodAttributes (8ms)
				AfterProcessingInitializeOnLoad (8ms)
				EditorAssembliesLoaded (0ms)
			ExecutionOrderSort2 (0ms)
			AwakeInstancesAfterBackupRestoration (5ms)
Platform modules already initialized, skipping
Refreshing native plugins compatible for Editor in 0.46 ms, found 2 plugins.
Preloading 0 native plugins for Editor in 0.00 ms.
Unloading 1598 Unused Serialized files (Serialized files now loaded: 0)
System memory in use before: 77.6 MB.
System memory in use after: 77.8 MB.

Unloading 27 unused Assets to reduce memory usage. Loaded Objects now: 2058.
Total: 2.829600 ms (FindLiveObjects: 0.164700 ms CreateObjectMapping: 0.035900 ms MarkObjects: 2.612900 ms  DeleteObjects: 0.014600 ms)

AssetImportParameters requested are different than current active one (requested -> active):
  custom:framework-win-MediaFoundation: 216162199b28c13a410421893ffa2e32 -> 
  custom:video-decoder-ogg-theora: a1e56fd34408186e4bbccfd4996cb3dc -> 
  custom:container-muxer-webm: aa71ff27fc2769a1b78a27578f13a17b -> 
  custom:container-demuxer-webm: 4f35f7cbe854078d1ac9338744f61a02 -> 
  custom:container-demuxer-ogg: 62fdf1f143b41e24485cea50d1cbac27 -> 
  custom:video-encoder-webm-vp8: eb34c28f22e8b96e1ab97ce403110664 -> 
  custom:video-decoder-webm-vp8: 9c59270c3fd7afecdb556c50c9e8de78 -> 
  custom:audio-decoder-ogg-vorbis: bf7c407c2cedff20999df2af8eb42d56 -> 
  custom:audio-encoder-webm-vorbis: bf7c407c2cedff20999df2af8eb42d56 -> 
========================================================================
Received Prepare
Registering precompiled user dll's ...
Registered in 0.005616 seconds.
Begin MonoManager ReloadAssembly
Native extension for WindowsStandalone target not found
Refreshing native plugins compatible for Editor in 0.47 ms, found 2 plugins.
Preloading 0 native plugins for Editor in 0.00 ms.
Mono: successfully reloaded assembly
- Completed reload, in  0.818 seconds
Domain Reload Profiling:
	ReloadAssembly (818ms)
		BeginReloadAssembly (109ms)
			ExecutionOrderSort (0ms)
			DisableScriptedObjects (3ms)
			BackupInstance (0ms)
			ReleaseScriptingObjects (0ms)
			CreateAndSetChildDomain (27ms)
		EndReloadAssembly (651ms)
			LoadAssemblies (84ms)
			RebuildTransferFunctionScriptingTraits (0ms)
			SetupTypeCache (242ms)
			ReleaseScriptCaches (1ms)
			RebuildScriptCaches (32ms)
			SetupLoadedEditorAssemblies (224ms)
				LogAssemblyErrors (0ms)
				InitializePlatformSupportModulesInManaged (4ms)
				SetLoadedEditorAssemblies (0ms)
				RefreshPlugins (1ms)
				BeforeProcessingInitializeOnLoad (72ms)
				ProcessInitializeOnLoadAttributes (133ms)
				ProcessInitializeOnLoadMethodAttributes (7ms)
				AfterProcessingInitializeOnLoad (8ms)
				EditorAssembliesLoaded (0ms)
			ExecutionOrderSort2 (0ms)
			AwakeInstancesAfterBackupRestoration (5ms)
Platform modules already initialized, skipping
Refreshing native plugins compatible for Editor in 0.47 ms, found 2 plugins.
Preloading 0 native plugins for Editor in 0.00 ms.
Unloading 1598 Unused Serialized files (Serialized files now loaded: 0)
System memory in use before: 77.7 MB.
System memory in use after: 77.8 MB.

Unloading 27 unused Assets to reduce memory usage. Loaded Objects now: 2060.
Total: 2.983600 ms (FindLiveObjects: 0.185200 ms CreateObjectMapping: 0.039000 ms MarkObjects: 2.739800 ms  DeleteObjects: 0.018400 ms)

AssetImportParameters requested are different than current active one (requested -> active):
  custom:framework-win-MediaFoundation: 216162199b28c13a410421893ffa2e32 -> 
  custom:video-decoder-ogg-theora: a1e56fd34408186e4bbccfd4996cb3dc -> 
  custom:container-muxer-webm: aa71ff27fc2769a1b78a27578f13a17b -> 
  custom:container-demuxer-webm: 4f35f7cbe854078d1ac9338744f61a02 -> 
  custom:container-demuxer-ogg: 62fdf1f143b41e24485cea50d1cbac27 -> 
  custom:video-encoder-webm-vp8: eb34c28f22e8b96e1ab97ce403110664 -> 
  custom:video-decoder-webm-vp8: 9c59270c3fd7afecdb556c50c9e8de78 -> 
  custom:audio-decoder-ogg-vorbis: bf7c407c2cedff20999df2af8eb42d56 -> 
  custom:audio-encoder-webm-vorbis: bf7c407c2cedff20999df2af8eb42d56 -> 
========================================================================
Received Prepare
Registering precompiled user dll's ...
Registered in 0.005146 seconds.
Begin MonoManager ReloadAssembly
Native extension for WindowsStandalone target not found
Refreshing native plugins compatible for Editor in 0.47 ms, found 2 plugins.
Preloading 0 native plugins for Editor in 0.00 ms.
Mono: successfully reloaded assembly
- Completed reload, in  0.808 seconds
Domain Reload Profiling:
	ReloadAssembly (808ms)
		BeginReloadAssembly (113ms)
			ExecutionOrderSort (0ms)
			DisableScriptedObjects (3ms)
			BackupInstance (0ms)
			ReleaseScriptingObjects (0ms)
			CreateAndSetChildDomain (31ms)
		EndReloadAssembly (636ms)
			LoadAssemblies (79ms)
			RebuildTransferFunctionScriptingTraits (0ms)
			SetupTypeCache (223ms)
			ReleaseScriptCaches (1ms)
			RebuildScriptCaches (32ms)
			SetupLoadedEditorAssemblies (233ms)
				LogAssemblyErrors (0ms)
				InitializePlatformSupportModulesInManaged (4ms)
				SetLoadedEditorAssemblies (0ms)
				RefreshPlugins (1ms)
				BeforeProcessingInitializeOnLoad (76ms)
				ProcessInitializeOnLoadAttributes (137ms)
				ProcessInitializeOnLoadMethodAttributes (7ms)
				AfterProcessingInitializeOnLoad (8ms)
				EditorAssembliesLoaded (0ms)
			ExecutionOrderSort2 (0ms)
			AwakeInstancesAfterBackupRestoration (5ms)
Platform modules already initialized, skipping
Refreshing native plugins compatible for Editor in 0.47 ms, found 2 plugins.
Preloading 0 native plugins for Editor in 0.00 ms.
Unloading 1597 Unused Serialized files (Serialized files now loaded: 0)
System memory in use before: 77.6 MB.
System memory in use after: 77.7 MB.

Unloading 28 unused Assets to reduce memory usage. Loaded Objects now: 2061.
Total: 2.619100 ms (FindLiveObjects: 0.162300 ms CreateObjectMapping: 0.036800 ms MarkObjects: 2.403800 ms  DeleteObjects: 0.015400 ms)

AssetImportParameters requested are different than current active one (requested -> active):
  custom:framework-win-MediaFoundation: 216162199b28c13a410421893ffa2e32 -> 
  custom:video-decoder-ogg-theora: a1e56fd34408186e4bbccfd4996cb3dc -> 
  custom:container-muxer-webm: aa71ff27fc2769a1b78a27578f13a17b -> 
  custom:container-demuxer-webm: 4f35f7cbe854078d1ac9338744f61a02 -> 
  custom:container-demuxer-ogg: 62fdf1f143b41e24485cea50d1cbac27 -> 
  custom:video-encoder-webm-vp8: eb34c28f22e8b96e1ab97ce403110664 -> 
  custom:video-decoder-webm-vp8: 9c59270c3fd7afecdb556c50c9e8de78 -> 
  custom:audio-decoder-ogg-vorbis: bf7c407c2cedff20999df2af8eb42d56 -> 
  custom:audio-encoder-webm-vorbis: bf7c407c2cedff20999df2af8eb42d56 -> 
========================================================================
Received Prepare
Registering precompiled user dll's ...
Registered in 0.005350 seconds.
Begin MonoManager ReloadAssembly
Native extension for WindowsStandalone target not found
Refreshing native plugins compatible for Editor in 1.06 ms, found 2 plugins.
Preloading 0 native plugins for Editor in 0.00 ms.
Mono: successfully reloaded assembly
- Completed reload, in  0.857 seconds
Domain Reload Profiling:
	ReloadAssembly (858ms)
		BeginReloadAssembly (106ms)
			ExecutionOrderSort (0ms)
			DisableScriptedObjects (4ms)
			BackupInstance (0ms)
			ReleaseScriptingObjects (0ms)
			CreateAndSetChildDomain (30ms)
		EndReloadAssembly (691ms)
			LoadAssemblies (86ms)
			RebuildTransferFunctionScriptingTraits (0ms)
			SetupTypeCache (253ms)
			ReleaseScriptCaches (1ms)
			RebuildScriptCaches (34ms)
			SetupLoadedEditorAssemblies (244ms)
				LogAssemblyErrors (0ms)
				InitializePlatformSupportModulesInManaged (4ms)
				SetLoadedEditorAssemblies (1ms)
				RefreshPlugins (1ms)
				BeforeProcessingInitializeOnLoad (78ms)
				ProcessInitializeOnLoadAttributes (144ms)
				ProcessInitializeOnLoadMethodAttributes (7ms)
				AfterProcessingInitializeOnLoad (9ms)
				EditorAssembliesLoaded (0ms)
			ExecutionOrderSort2 (0ms)
			AwakeInstancesAfterBackupRestoration (5ms)
Platform modules already initialized, skipping
Refreshing native plugins compatible for Editor in 0.49 ms, found 2 plugins.
Preloading 0 native plugins for Editor in 0.00 ms.
Unloading 1597 Unused Serialized files (Serialized files now loaded: 0)
System memory in use before: 77.6 MB.
System memory in use after: 77.7 MB.

Unloading 27 unused Assets to reduce memory usage. Loaded Objects now: 2063.
Total: 2.676000 ms (FindLiveObjects: 0.164600 ms CreateObjectMapping: 0.042100 ms MarkObjects: 2.450800 ms  DeleteObjects: 0.017300 ms)

AssetImportParameters requested are different than current active one (requested -> active):
  custom:framework-win-MediaFoundation: 216162199b28c13a410421893ffa2e32 -> 
  custom:video-decoder-ogg-theora: a1e56fd34408186e4bbccfd4996cb3dc -> 
  custom:container-muxer-webm: aa71ff27fc2769a1b78a27578f13a17b -> 
  custom:container-demuxer-webm: 4f35f7cbe854078d1ac9338744f61a02 -> 
  custom:container-demuxer-ogg: 62fdf1f143b41e24485cea50d1cbac27 -> 
  custom:video-encoder-webm-vp8: eb34c28f22e8b96e1ab97ce403110664 -> 
  custom:video-decoder-webm-vp8: 9c59270c3fd7afecdb556c50c9e8de78 -> 
  custom:audio-decoder-ogg-vorbis: bf7c407c2cedff20999df2af8eb42d56 -> 
  custom:audio-encoder-webm-vorbis: bf7c407c2cedff20999df2af8eb42d56 -> 
AssetImportWorkerClient::OnTransportError - code=2 error=End of file
